{"D:\\Study\\JS\\js-labs\\main.js": {"path":"D:\\Study\\JS\\js-labs\\main.js","statementMap":{"0":{"start":{"line":1,"column":19},"end":{"line":1,"column":34}},"1":{"start":{"line":1,"column":29},"end":{"line":1,"column":34}},"2":{"start":{"line":2,"column":24},"end":{"line":2,"column":39}},"3":{"start":{"line":2,"column":34},"end":{"line":2,"column":39}}},"fnMap":{"0":{"name":"(anonymous_0)","decl":{"start":{"line":1,"column":19},"end":{"line":1,"column":20}},"loc":{"start":{"line":1,"column":29},"end":{"line":1,"column":34}},"line":1},"1":{"name":"(anonymous_1)","decl":{"start":{"line":2,"column":24},"end":{"line":2,"column":25}},"loc":{"start":{"line":2,"column":34},"end":{"line":2,"column":39}},"line":2}},"branchMap":{},"s":{"0":1,"1":1,"2":1,"3":0},"f":{"0":1,"1":0},"b":{},"_coverageSchema":"1a1c01bbd47fc00a2c39e90264f33305004495a9","hash":"a4d907926c2ac6a298d646c5c2c2d01ec5c53031"}
,"D:\\Study\\JS\\js-labs\\src\\05-09-main.js": {"path":"D:\\Study\\JS\\js-labs\\src\\05-09-main.js","statementMap":{"0":{"start":{"line":1,"column":31},"end":{"line":8,"column":1}},"1":{"start":{"line":2,"column":2},"end":{"line":2,"column":52}},"2":{"start":{"line":2,"column":29},"end":{"line":2,"column":52}},"3":{"start":{"line":4,"column":2},"end":{"line":4,"column":36}},"4":{"start":{"line":4,"column":16},"end":{"line":4,"column":36}},"5":{"start":{"line":5,"column":2},"end":{"line":5,"column":31}},"6":{"start":{"line":5,"column":17},"end":{"line":5,"column":31}},"7":{"start":{"line":6,"column":2},"end":{"line":6,"column":35}},"8":{"start":{"line":6,"column":17},"end":{"line":6,"column":35}},"9":{"start":{"line":7,"column":2},"end":{"line":7,"column":15}},"10":{"start":{"line":10,"column":0},"end":{"line":10,"column":33}}},"fnMap":{"0":{"name":"(anonymous_0)","decl":{"start":{"line":1,"column":31},"end":{"line":1,"column":32}},"loc":{"start":{"line":1,"column":41},"end":{"line":8,"column":1}},"line":1}},"branchMap":{"0":{"loc":{"start":{"line":2,"column":2},"end":{"line":2,"column":52}},"type":"if","locations":[{"start":{"line":2,"column":2},"end":{"line":2,"column":52}},{"start":{},"end":{}}],"line":2},"1":{"loc":{"start":{"line":2,"column":6},"end":{"line":2,"column":27}},"type":"binary-expr","locations":[{"start":{"line":2,"column":6},"end":{"line":2,"column":14}},{"start":{"line":2,"column":18},"end":{"line":2,"column":27}}],"line":2},"2":{"loc":{"start":{"line":4,"column":2},"end":{"line":4,"column":36}},"type":"if","locations":[{"start":{"line":4,"column":2},"end":{"line":4,"column":36}},{"start":{},"end":{}}],"line":4},"3":{"loc":{"start":{"line":5,"column":2},"end":{"line":5,"column":31}},"type":"if","locations":[{"start":{"line":5,"column":2},"end":{"line":5,"column":31}},{"start":{},"end":{}}],"line":5},"4":{"loc":{"start":{"line":6,"column":2},"end":{"line":6,"column":35}},"type":"if","locations":[{"start":{"line":6,"column":2},"end":{"line":6,"column":35}},{"start":{},"end":{}}],"line":6}},"s":{"0":1,"1":13,"2":3,"3":10,"4":2,"5":8,"6":2,"7":6,"8":3,"9":3,"10":1},"f":{"0":13},"b":{"0":[3,10],"1":[13,12],"2":[2,8],"3":[2,6],"4":[3,3]},"_coverageSchema":"1a1c01bbd47fc00a2c39e90264f33305004495a9","hash":"af2e85e375109c5faafac51404ceca3a3821b2b0"}
}
